rt$ = 32
R$ = 64
G$ = 72
B$ = 80
create_color PROC
	mov	DWORD PTR [rsp+24], r8d
	mov	DWORD PTR [rsp+16], edx
	mov	DWORD PTR [rsp+8], ecx
	sub	rsp, 56
	mov	ecx, 12
	call	malloc
; RAX = allocated buffer
	mov	QWORD PTR rt$[rsp], rax
	mov	rax, QWORD PTR rt$[rsp]
	mov	ecx, DWORD PTR R$[rsp]
	mov	DWORD PTR [rax], ecx
	mov	rax, QWORD PTR rt$[rsp]
	mov	ecx, DWORD PTR G$[rsp]
	mov	DWORD PTR [rax+4], ecx
	mov	rax, QWORD PTR rt$[rsp]
	mov	ecx, DWORD PTR B$[rsp]
	mov	DWORD PTR [rax+8], ecx
	add	rsp, 56
; RAX didn't change down to this point
	ret	0
create_color ENDP

