_a$ = -4
_main	PROC
; this is inlined optimized version of create_color():
	push	ecx
	push	12
	call	_malloc
	mov	DWORD PTR [eax], 1
	mov	DWORD PTR [eax+4], 2
	mov	DWORD PTR [eax+8], 3
; EAX -> to allocated buffer, and it's filled, OK
; now we reload ptr to buffer, thinking it's in "a" variable
; but inlined function didn't store pointer to "a" variable!
	mov	eax, DWORD PTR _a$[esp+8]
; EAX = some random garbage at this point
	push	DWORD PTR [eax+8]
	push	DWORD PTR [eax+4]
	push	DWORD PTR [eax]
	push	OFFSET $SG6074
	call	_printf
	xor	eax, eax
	add	esp, 24
	ret	0
_main	ENDP

_R$ = 8
_G$ = 12
_B$ = 16
_create_color PROC
	push	12
	call	_malloc
	mov	ecx, DWORD PTR _R$[esp]
	add	esp, 4
	mov	DWORD PTR [eax], ecx
	mov	ecx, DWORD PTR _G$[esp-4]
	mov	DWORD PTR [eax+4], ecx
	mov	ecx, DWORD PTR _B$[esp-4]
	mov	DWORD PTR [eax+8], ecx
; EAX -> to allocated buffer, OK
	ret	0
_create_color ENDP

